unable to connect to 127.0.0.1:5001 Connection refused
unable to connect to 127.0.0.1:5001 Connection refused
unable to connect to 127.0.0.1:5001 Connection refused
unable to connect to 127.0.0.1:5001 Connection refused
unable to connect to 127.0.0.1:5001 Connection refused
unable to connect to 127.0.0.1:5001 Connection refused
unable to connect to 127.0.0.1:5001 Connection refused
unable to connect to 127.0.0.1:5001 Connection refused
unable to connect to 127.0.0.1:5001 Connection refused
unable to connect to 127.0.0.1:5001 Connection refused
unable to connect to 127.0.0.1:5001 Connection refused
unable to connect to 127.0.0.1:5001 Connection refused
unable to connect to 127.0.0.1:5001 Connection refused
unable to connect to 127.0.0.1:5001 Connection refused
unable to connect to 127.0.0.1:5001 Connection refused
unable to connect to 127.0.0.1:5001 Connection refused
unable to connect to 127.0.0.1:5001 Connection refused
unable to connect to 127.0.0.1:5001 Connection refused
unable to connect to 127.0.0.1:5001 Connection refused
unable to connect to 127.0.0.1:5001 Connection refused
unable to connect to 127.0.0.1:5001 Connection refused
unable to connect to 127.0.0.1:5001 Connection refused
unable to connect to 127.0.0.1:5001 Connection refused
unable to connect to 127.0.0.1:5001 Connection refused
unable to connect to 127.0.0.1:5001 Connection refused
unable to connect to 127.0.0.1:5001 Connection refused
unable to connect to 127.0.0.1:5001 Connection refused
unable to connect to 127.0.0.1:5001 Connection refused
unable to connect to 127.0.0.1:5001 Connection refused
unable to connect to 127.0.0.1:5001 Connection refused
unable to connect to 127.0.0.1:5001 Connection refused
unable to connect to 127.0.0.1:5001 Connection refused
unable to connect to 127.0.0.1:5001 Connection refused
unable to connect to 127.0.0.1:5001 Connection refused
unable to connect to 127.0.0.1:5001 Connection refused
unable to connect to 127.0.0.1:5001 Connection refused
unable to connect to 127.0.0.1:5001 Connection refused
unable to connect to 127.0.0.1:5001 Connection refused
unable to connect to 127.0.0.1:5001 Connection refused
unable to connect to 127.0.0.1:5001 Connection refused
unable to connect to 127.0.0.1:5001 Connection refused
unable to connect to 127.0.0.1:5001 Connection refused
unable to connect to 127.0.0.1:5001 Connection refused
unable to connect to 127.0.0.1:5001 Connection refused
unable to connect to 127.0.0.1:5001 Connection refused
unable to connect to 127.0.0.1:5001 Connection refused
unable to connect to 127.0.0.1:5001 Connection refused
unable to connect to 127.0.0.1:5001 Connection refused
unable to connect to 127.0.0.1:5001 Connection refused
unable to connect to 127.0.0.1:5001 Connection refused
unable to connect to 127.0.0.1:5001 Connection refused
unable to connect to 127.0.0.1:5001 Connection refused
unable to connect to 127.0.0.1:5001 Connection refused
unable to connect to 127.0.0.1:5001 Connection refused
unable to connect to 127.0.0.1:5001 Connection refused
unable to connect to 127.0.0.1:5001 Connection refused
unable to connect to 127.0.0.1:5001 Connection refused
unable to connect to 127.0.0.1:5001 Connection refused
unable to connect to 127.0.0.1:5001 Connection refused
unable to connect to 127.0.0.1:5001 Connection refused
unable to connect to 127.0.0.1:5001 Connection refused
unable to connect to 127.0.0.1:5001 Connection refused
unable to connect to 127.0.0.1:5001 Connection refused
unable to connect to 127.0.0.1:5001 Connection refused
unable to connect to 127.0.0.1:5001 Connection refused
unable to connect to 127.0.0.1:5001 Connection refused
unable to connect to 127.0.0.1:5001 Connection refused
unable to connect to 127.0.0.1:5001 Connection refused
unable to connect to 127.0.0.1:5001 Connection refused
unable to connect to 127.0.0.1:5001 Connection refused
unable to connect to 127.0.0.1:5001 Connection refused
unable to connect to 127.0.0.1:5001 Connection refused
unable to connect to 127.0.0.1:5001 Connection refused
unable to connect to 127.0.0.1:5001 Connection refused
unable to connect to 127.0.0.1:5001 Connection refused
unable to connect to 127.0.0.1:5001 Connection refused
unable to connect to 127.0.0.1:5001 Connection refused
unable to connect to 127.0.0.1:5001 Connection refused
unable to connect to 127.0.0.1:5001 Connection refused
unable to connect to 127.0.0.1:5001 Connection refused
unable to connect to 127.0.0.1:5001 Connection refused
unable to connect to 127.0.0.1:5001 Connection refused
unable to connect to 127.0.0.1:5001 Connection refused
unable to connect to 127.0.0.1:5001 Connection refused
unable to connect to 127.0.0.1:5001 Connection refused
unable to connect to 127.0.0.1:5001 Connection refused
unable to connect to 127.0.0.1:5001 Connection refused
unable to connect to 127.0.0.1:5001 Connection refused
unable to connect to 127.0.0.1:5001 Connection refused
unable to connect to 127.0.0.1:5001 Connection refused
unable to connect to 127.0.0.1:5001 Connection refused
unable to connect to 127.0.0.1:5001 Connection refused
unable to connect to 127.0.0.1:5001 Connection refused
unable to connect to 127.0.0.1:5001 Connection refused
unable to connect to 127.0.0.1:5001 Connection refused
unable to connect to 127.0.0.1:5001 Connection refused
unable to connect to 127.0.0.1:5001 Connection refused
unable to connect to 127.0.0.1:5001 Connection refused
unable to connect to 127.0.0.1:5001 Connection refused
unable to connect to 127.0.0.1:5001 Connection refused
Running 2s test @ http://127.0.0.1:5001
  12 threads and 400 connections
  Thread Stats   Avg      Stdev     Max   +/- Stdev
    Latency    37.03ms   24.00ms 154.71ms   70.83%
    Req/Sec     0.92k   249.78     1.89k    70.00%
  Latency Distribution
     50%   25.67ms
     75%   52.50ms
     90%   70.81ms
     99%  112.75ms
  21984 requests in 2.05s, 6.07MB read
Requests/sec:  10702.37
Transfer/sec:      2.95MB
Running 2s test @ http://127.0.0.1:5001
  12 threads and 400 connections
  Thread Stats   Avg      Stdev     Max   +/- Stdev
    Latency    36.10ms   21.43ms 127.92ms   74.92%
    Req/Sec     0.93k   217.09     1.48k    67.50%
  Latency Distribution
     50%   27.88ms
     75%   46.68ms
     90%   68.98ms
     99%  107.75ms
  22317 requests in 2.05s, 6.16MB read
Requests/sec:  10884.88
Transfer/sec:      3.01MB
Running 2s test @ http://127.0.0.1:5001
  12 threads and 400 connections
  Thread Stats   Avg      Stdev     Max   +/- Stdev
    Latency    37.97ms   24.52ms 129.26ms   67.67%
    Req/Sec     0.89k   284.07     2.15k    71.02%
  Latency Distribution
     50%   27.78ms
     75%   55.93ms
     90%   72.00ms
     99%  104.11ms
  21701 requests in 2.10s, 6.01MB read
Requests/sec:  10335.27
Transfer/sec:      2.86MB
Running 2s test @ http://127.0.0.1:5001
  12 threads and 400 connections
  Thread Stats   Avg      Stdev     Max   +/- Stdev
    Latency    36.53ms   22.28ms 144.48ms   71.92%
    Req/Sec     0.92k   213.64     1.65k    69.58%
  Latency Distribution
     50%   28.21ms
     75%   51.92ms
     90%   66.96ms
     99%  102.99ms
  22107 requests in 2.05s, 6.11MB read
Requests/sec:  10796.44
Transfer/sec:      2.98MB
Running 2s test @ http://127.0.0.1:5001
  12 threads and 400 connections
  Thread Stats   Avg      Stdev     Max   +/- Stdev
    Latency    35.72ms   20.41ms 127.30ms   71.96%
    Req/Sec     0.94k   189.32     1.59k    67.92%
  Latency Distribution
     50%   28.37ms
     75%   48.42ms
     90%   66.68ms
     99%   90.43ms
  22386 requests in 2.05s, 6.19MB read
Requests/sec:  10945.98
Transfer/sec:      3.03MB
Running 2s test @ http://127.0.0.1:5001
  12 threads and 400 connections
  Thread Stats   Avg      Stdev     Max   +/- Stdev
    Latency    37.15ms   22.52ms 142.08ms   73.17%
    Req/Sec     0.91k   228.00     1.72k    67.92%
  Latency Distribution
     50%   28.36ms
     75%   50.58ms
     90%   68.97ms
     99%  102.88ms
  21657 requests in 2.05s, 6.01MB read
Requests/sec:  10559.50
Transfer/sec:      2.93MB
Running 2s test @ http://127.0.0.1:5001
  12 threads and 400 connections
  Thread Stats   Avg      Stdev     Max   +/- Stdev
    Latency    37.03ms   22.17ms 124.32ms   70.14%
    Req/Sec     0.91k   221.64     1.40k    69.17%
  Latency Distribution
     50%   30.11ms
     75%   52.17ms
     90%   68.84ms
     99%  101.60ms
  21755 requests in 2.04s, 6.01MB read
Requests/sec:  10645.03
Transfer/sec:      2.94MB
Running 2s test @ http://127.0.0.1:5001
  12 threads and 400 connections
  Thread Stats   Avg      Stdev     Max   +/- Stdev
    Latency    35.33ms   21.85ms 128.45ms   71.94%
    Req/Sec     0.96k   214.91     1.56k    71.67%
  Latency Distribution
     50%   27.25ms
     75%   47.13ms
     90%   69.36ms
     99%  100.84ms
  22995 requests in 2.04s, 6.35MB read
Requests/sec:  11264.94
Transfer/sec:      3.11MB
Running 2s test @ http://127.0.0.1:5001
  12 threads and 400 connections
  Thread Stats   Avg      Stdev     Max   +/- Stdev
    Latency    35.43ms   21.20ms 136.50ms   74.31%
    Req/Sec     0.95k   227.41     1.63k    68.33%
  Latency Distribution
     50%   26.95ms
     75%   45.44ms
     90%   69.02ms
     99%   94.09ms
  22838 requests in 2.05s, 6.32MB read
Requests/sec:  11144.79
Transfer/sec:      3.08MB
Running 2s test @ http://127.0.0.1:5001
  12 threads and 400 connections
  Thread Stats   Avg      Stdev     Max   +/- Stdev
    Latency    36.46ms   22.29ms 139.59ms   70.91%
    Req/Sec     0.92k   246.18     1.45k    66.67%
  Latency Distribution
     50%   28.81ms
     75%   50.67ms
     90%   67.11ms
     99%   99.79ms
  22058 requests in 2.06s, 6.08MB read
Requests/sec:  10697.01
Transfer/sec:      2.95MB
Running 2s test @ http://127.0.0.1:5001
  12 threads and 400 connections
  Thread Stats   Avg      Stdev     Max   +/- Stdev
    Latency    35.42ms   21.12ms 128.56ms   73.25%
    Req/Sec     0.95k   230.50     1.41k    75.00%
  Latency Distribution
     50%   27.32ms
     75%   47.03ms
     90%   67.60ms
     99%  101.76ms
  22585 requests in 2.04s, 6.24MB read
Requests/sec:  11063.97
Transfer/sec:      3.06MB
Running 2s test @ http://127.0.0.1:5001
  12 threads and 400 connections
  Thread Stats   Avg      Stdev     Max   +/- Stdev
    Latency    35.49ms   21.52ms 126.36ms   70.66%
    Req/Sec     0.95k   216.36     1.66k    70.83%
  Latency Distribution
     50%   28.48ms
     75%   47.35ms
     90%   67.64ms
     99%   93.82ms
  22693 requests in 2.06s, 6.25MB read
Requests/sec:  11012.82
Transfer/sec:      3.04MB
Running 2s test @ http://127.0.0.1:5001
  12 threads and 400 connections
  Thread Stats   Avg      Stdev     Max   +/- Stdev
    Latency    37.14ms   21.94ms 149.91ms   68.03%
    Req/Sec     0.90k   221.03     1.37k    66.25%
  Latency Distribution
     50%   31.47ms
     75%   52.26ms
     90%   67.36ms
     99%   96.36ms
  21653 requests in 2.06s, 5.99MB read
Requests/sec:  10534.74
Transfer/sec:      2.91MB
Running 2s test @ http://127.0.0.1:5001
  12 threads and 400 connections
  Thread Stats   Avg      Stdev     Max   +/- Stdev
    Latency    35.06ms   21.70ms 126.22ms   73.96%
    Req/Sec     0.97k   212.46     1.35k    72.50%
  Latency Distribution
     50%   26.80ms
     75%   47.35ms
     90%   68.65ms
     99%   95.63ms
  23153 requests in 2.04s, 6.39MB read
Requests/sec:  11350.25
Transfer/sec:      3.13MB
Running 2s test @ http://127.0.0.1:5001
  12 threads and 400 connections
  Thread Stats   Avg      Stdev     Max   +/- Stdev
    Latency    35.39ms   21.62ms 134.96ms   71.53%
    Req/Sec     0.95k   240.59     2.36k    73.14%
  Latency Distribution
     50%   26.76ms
     75%   48.94ms
     90%   67.18ms
     99%   95.47ms
  22949 requests in 2.10s, 6.33MB read
Requests/sec:  10936.43
Transfer/sec:      3.01MB
Running 2s test @ http://127.0.0.1:5001
  12 threads and 400 connections
  Thread Stats   Avg      Stdev     Max   +/- Stdev
    Latency    36.26ms   21.44ms 136.87ms   70.00%
    Req/Sec     0.93k   202.29     1.37k    71.25%
  Latency Distribution
     50%   27.78ms
     75%   50.49ms
     90%   66.80ms
     99%  101.61ms
  22194 requests in 2.05s, 6.13MB read
Requests/sec:  10820.00
Transfer/sec:      2.99MB
Running 2s test @ http://127.0.0.1:5001
  12 threads and 400 connections
  Thread Stats   Avg      Stdev     Max   +/- Stdev
    Latency    36.62ms   22.44ms 151.91ms   71.36%
    Req/Sec     0.93k   231.95     1.63k    62.50%
  Latency Distribution
     50%   28.10ms
     75%   50.42ms
     90%   67.95ms
     99%   98.78ms
  22160 requests in 2.05s, 6.12MB read
Requests/sec:  10803.40
Transfer/sec:      2.98MB
Running 2s test @ http://127.0.0.1:5001
  12 threads and 400 connections
  Thread Stats   Avg      Stdev     Max   +/- Stdev
    Latency    35.32ms   22.14ms 148.95ms   74.47%
    Req/Sec     0.96k   244.93     2.25k    75.21%
  Latency Distribution
     50%   26.57ms
     75%   46.72ms
     90%   68.93ms
     99%  105.26ms
  23126 requests in 2.10s, 6.38MB read
Requests/sec:  11030.68
Transfer/sec:      3.04MB
Running 2s test @ http://127.0.0.1:5001
  12 threads and 400 connections
  Thread Stats   Avg      Stdev     Max   +/- Stdev
    Latency    36.38ms   21.27ms 120.91ms   70.32%
    Req/Sec     0.92k   231.30     1.59k    71.25%
  Latency Distribution
     50%   29.01ms
     75%   48.20ms
     90%   70.28ms
     99%   92.43ms
  22035 requests in 2.05s, 6.09MB read
Requests/sec:  10753.55
Transfer/sec:      2.97MB
Running 2s test @ http://127.0.0.1:5001
  12 threads and 400 connections
  Thread Stats   Avg      Stdev     Max   +/- Stdev
    Latency    34.76ms   20.23ms 103.55ms   75.27%
    Req/Sec     0.97k   235.00     1.65k    66.25%
  Latency Distribution
     50%   26.00ms
     75%   44.39ms
     90%   69.50ms
     99%   88.09ms
  23204 requests in 2.05s, 6.40MB read
Requests/sec:  11331.01
Transfer/sec:      3.13MB
Running 2s test @ http://127.0.0.1:5001
  12 threads and 400 connections
  Thread Stats   Avg      Stdev     Max   +/- Stdev
    Latency    35.32ms   20.27ms 115.62ms   72.95%
    Req/Sec     0.95k   185.37     1.47k    73.33%
  Latency Distribution
     50%   27.78ms
     75%   44.90ms
     90%   66.47ms
     99%  100.19ms
  22753 requests in 2.05s, 6.28MB read
Requests/sec:  11106.96
Transfer/sec:      3.07MB
Running 2s test @ http://127.0.0.1:5001
  12 threads and 400 connections
  Thread Stats   Avg      Stdev     Max   +/- Stdev
    Latency    37.10ms   22.34ms 149.80ms   67.04%
    Req/Sec     0.90k   220.42     1.58k    72.08%
  Latency Distribution
     50%   33.87ms
     75%   51.73ms
     90%   68.47ms
     99%   97.38ms
  21627 requests in 2.05s, 5.96MB read
Requests/sec:  10546.94
Transfer/sec:      2.91MB
Running 2s test @ http://127.0.0.1:5001
  12 threads and 400 connections
  Thread Stats   Avg      Stdev     Max   +/- Stdev
    Latency    34.08ms   18.86ms 107.11ms   70.40%
    Req/Sec     0.97k   210.34     1.38k    72.92%
  Latency Distribution
     50%   26.85ms
     75%   45.94ms
     90%   64.46ms
     99%   84.08ms
  23163 requests in 2.06s, 6.37MB read
Requests/sec:  11224.76
Transfer/sec:      3.09MB
Running 2s test @ http://127.0.0.1:5001
  12 threads and 400 connections
  Thread Stats   Avg      Stdev     Max   +/- Stdev
    Latency    35.31ms   20.98ms 124.91ms   74.85%
    Req/Sec     0.95k   223.04     1.41k    70.00%
  Latency Distribution
     50%   26.35ms
     75%   45.68ms
     90%   67.87ms
     99%   98.17ms
  22732 requests in 2.05s, 6.27MB read
Requests/sec:  11109.31
Transfer/sec:      3.06MB
Running 2s test @ http://127.0.0.1:5001
  12 threads and 400 connections
  Thread Stats   Avg      Stdev     Max   +/- Stdev
    Latency    36.42ms   21.60ms 136.25ms   70.04%
    Req/Sec     0.92k   211.57     1.59k    71.67%
  Latency Distribution
     50%   30.14ms
     75%   50.65ms
     90%   66.82ms
     99%   93.23ms
  22019 requests in 2.07s, 6.08MB read
Requests/sec:  10642.44
Transfer/sec:      2.94MB
Running 2s test @ http://127.0.0.1:5001
  12 threads and 400 connections
  Thread Stats   Avg      Stdev     Max   +/- Stdev
    Latency    35.28ms   21.70ms 120.51ms   73.51%
    Req/Sec     0.96k   211.74     1.45k    64.17%
  Latency Distribution
     50%   28.02ms
     75%   45.76ms
     90%   68.55ms
     99%  100.44ms
  23046 requests in 2.04s, 6.34MB read
Requests/sec:  11306.61
Transfer/sec:      3.11MB
Running 2s test @ http://127.0.0.1:5001
  12 threads and 400 connections
  Thread Stats   Avg      Stdev     Max   +/- Stdev
    Latency    36.22ms   22.55ms 116.51ms   69.52%
    Req/Sec     0.93k   212.66     1.46k    72.08%
  Latency Distribution
     50%   29.75ms
     75%   49.80ms
     90%   69.04ms
     99%   95.87ms
  22292 requests in 2.05s, 6.15MB read
Requests/sec:  10895.83
Transfer/sec:      3.00MB
Running 2s test @ http://127.0.0.1:5001
  12 threads and 400 connections
  Thread Stats   Avg      Stdev     Max   +/- Stdev
    Latency    37.22ms   22.92ms 128.28ms   73.01%
    Req/Sec     0.91k   213.08     1.44k    70.42%
  Latency Distribution
     50%   28.05ms
     75%   50.42ms
     90%   71.69ms
     99%  106.08ms
  21829 requests in 2.05s, 6.02MB read
Requests/sec:  10669.26
Transfer/sec:      2.94MB
Running 2s test @ http://127.0.0.1:5001
  12 threads and 400 connections
  Thread Stats   Avg      Stdev     Max   +/- Stdev
    Latency    34.75ms   20.67ms 129.40ms   72.12%
    Req/Sec     0.97k   212.39     1.79k    73.33%
  Latency Distribution
     50%   27.03ms
     75%   45.65ms
     90%   65.81ms
     99%   94.83ms
  23192 requests in 2.04s, 6.40MB read
Requests/sec:  11346.20
Transfer/sec:      3.13MB
Running 2s test @ http://127.0.0.1:5001
  12 threads and 400 connections
  Thread Stats   Avg      Stdev     Max   +/- Stdev
    Latency    36.23ms   21.52ms 115.80ms   69.46%
    Req/Sec     0.92k   174.60     1.28k    65.42%
  Latency Distribution
     50%   26.83ms
     75%   52.32ms
     90%   66.98ms
     99%   92.54ms
  21923 requests in 2.04s, 6.07MB read
Requests/sec:  10721.33
Transfer/sec:      2.97MB
Running 2s test @ http://127.0.0.1:5001
  12 threads and 400 connections
  Thread Stats   Avg      Stdev     Max   +/- Stdev
    Latency    36.84ms   22.88ms 131.59ms   73.95%
    Req/Sec     0.92k   242.92     1.42k    68.33%
  Latency Distribution
     50%   27.14ms
     75%   48.44ms
     90%   71.81ms
     99%  108.72ms
  22078 requests in 2.05s, 6.10MB read
Requests/sec:  10775.54
Transfer/sec:      2.98MB
Running 2s test @ http://127.0.0.1:5001
  12 threads and 400 connections
  Thread Stats   Avg      Stdev     Max   +/- Stdev
    Latency    35.11ms   21.76ms 115.79ms   70.94%
    Req/Sec     0.96k   303.22     2.83k    78.60%
  Latency Distribution
     50%   26.85ms
     75%   47.33ms
     90%   69.69ms
     99%   94.35ms
  23309 requests in 2.10s, 6.44MB read
Requests/sec:  11113.51
Transfer/sec:      3.07MB
Running 2s test @ http://127.0.0.1:5001
  12 threads and 400 connections
  Thread Stats   Avg      Stdev     Max   +/- Stdev
    Latency    35.72ms   21.10ms 120.57ms   69.31%
    Req/Sec     0.93k   207.78     1.51k    69.58%
  Latency Distribution
     50%   29.58ms
     75%   49.52ms
     90%   66.68ms
     99%   95.18ms
  22289 requests in 2.05s, 6.16MB read
Requests/sec:  10886.63
Transfer/sec:      3.01MB
Running 2s test @ http://127.0.0.1:5001
  12 threads and 400 connections
  Thread Stats   Avg      Stdev     Max   +/- Stdev
    Latency    36.22ms   20.52ms 108.72ms   69.74%
    Req/Sec     0.92k   199.95     1.71k    72.08%
  Latency Distribution
     50%   29.25ms
     75%   50.67ms
     90%   67.53ms
     99%   92.81ms
  22040 requests in 2.05s, 6.08MB read
Requests/sec:  10768.73
Transfer/sec:      2.97MB
Running 2s test @ http://127.0.0.1:5001
  12 threads and 400 connections
  Thread Stats   Avg      Stdev     Max   +/- Stdev
    Latency    36.32ms   22.95ms 144.79ms   70.65%
    Req/Sec     0.94k   218.78     1.66k    66.25%
  Latency Distribution
     50%   26.98ms
     75%   50.80ms
     90%   70.31ms
     99%   98.35ms
  22408 requests in 2.04s, 6.18MB read
Requests/sec:  10969.97
Transfer/sec:      3.02MB
Running 2s test @ http://127.0.0.1:5001
  12 threads and 400 connections
  Thread Stats   Avg      Stdev     Max   +/- Stdev
    Latency    35.57ms   22.35ms 123.28ms   72.44%
    Req/Sec     0.95k   252.92     1.68k    70.83%
  Latency Distribution
     50%   25.46ms
     75%   49.58ms
     90%   70.01ms
     99%   98.04ms
  22676 requests in 2.06s, 6.29MB read
Requests/sec:  10984.61
Transfer/sec:      3.05MB
Running 2s test @ http://127.0.0.1:5001
  12 threads and 400 connections
  Thread Stats   Avg      Stdev     Max   +/- Stdev
    Latency    36.62ms   22.92ms 124.44ms   67.94%
    Req/Sec     0.91k   210.47     1.54k    70.00%
  Latency Distribution
     50%   29.58ms
     75%   54.07ms
     90%   68.84ms
     99%   95.49ms
  21840 requests in 2.05s, 6.03MB read
Requests/sec:  10661.76
Transfer/sec:      2.95MB
Running 2s test @ http://127.0.0.1:5001
  12 threads and 400 connections
  Thread Stats   Avg      Stdev     Max   +/- Stdev
    Latency    34.24ms   18.94ms 117.94ms   75.06%
    Req/Sec     0.97k   211.53     1.40k    71.25%
  Latency Distribution
     50%   26.86ms
     75%   43.25ms
     90%   64.84ms
     99%   87.60ms
  23168 requests in 2.06s, 6.42MB read
Requests/sec:  11234.71
Transfer/sec:      3.11MB
Running 2s test @ http://127.0.0.1:5001
  12 threads and 400 connections
  Thread Stats   Avg      Stdev     Max   +/- Stdev
    Latency    36.13ms   21.99ms 120.41ms   70.11%
    Req/Sec     0.93k   216.34     1.54k    67.22%
  Latency Distribution
     50%   28.58ms
     75%   49.53ms
     90%   68.56ms
     99%   99.01ms
  22246 requests in 2.10s, 6.16MB read
Requests/sec:  10616.23
Transfer/sec:      2.94MB
Running 2s test @ http://127.0.0.1:5001
  12 threads and 400 connections
  Thread Stats   Avg      Stdev     Max   +/- Stdev
    Latency    37.37ms   22.60ms 119.06ms   70.40%
    Req/Sec     0.91k   185.72     1.38k    67.92%
  Latency Distribution
     50%   31.50ms
     75%   51.55ms
     90%   70.12ms
     99%  100.05ms
  21682 requests in 2.05s, 5.98MB read
Requests/sec:  10593.29
Transfer/sec:      2.92MB
Running 2s test @ http://127.0.0.1:5001
  12 threads and 400 connections
  Thread Stats   Avg      Stdev     Max   +/- Stdev
    Latency    35.67ms   20.13ms 112.36ms   69.25%
    Req/Sec     0.94k   186.15     1.50k    65.42%
  Latency Distribution
     50%   29.86ms
     75%   47.81ms
     90%   66.25ms
     99%   87.24ms
  22405 requests in 2.04s, 6.17MB read
Requests/sec:  10989.18
Transfer/sec:      3.03MB
Running 2s test @ http://127.0.0.1:5001
  12 threads and 400 connections
  Thread Stats   Avg      Stdev     Max   +/- Stdev
    Latency    36.03ms   22.14ms 112.72ms   70.08%
    Req/Sec     0.93k   212.46     1.54k    62.92%
  Latency Distribution
     50%   28.75ms
     75%   48.28ms
     90%   70.53ms
     99%   92.68ms
  22367 requests in 2.04s, 6.17MB read
Requests/sec:  10939.08
Transfer/sec:      3.02MB
Running 2s test @ http://127.0.0.1:5001
  12 threads and 400 connections
  Thread Stats   Avg      Stdev     Max   +/- Stdev
    Latency    36.07ms   21.34ms 123.71ms   72.68%
    Req/Sec     0.94k   199.04     1.35k    73.33%
  Latency Distribution
     50%   27.60ms
     75%   46.62ms
     90%   68.40ms
     99%  106.85ms
  22451 requests in 2.04s, 6.19MB read
Requests/sec:  10997.80
Transfer/sec:      3.03MB
Running 2s test @ http://127.0.0.1:5001
  12 threads and 400 connections
  Thread Stats   Avg      Stdev     Max   +/- Stdev
    Latency    36.61ms   24.10ms 143.42ms   66.46%
    Req/Sec     0.93k   201.66     1.42k    65.00%
  Latency Distribution
     50%   29.42ms
     75%   52.63ms
     90%   70.07ms
     99%  105.83ms
  22228 requests in 2.05s, 6.13MB read
Requests/sec:  10839.12
Transfer/sec:      2.99MB
Running 2s test @ http://127.0.0.1:5001
  12 threads and 400 connections
  Thread Stats   Avg      Stdev     Max   +/- Stdev
    Latency    36.23ms   20.08ms 123.98ms   72.10%
    Req/Sec     0.92k   205.91     1.87k    76.25%
  Latency Distribution
     50%   29.84ms
     75%   45.06ms
     90%   66.79ms
     99%   93.18ms
  22032 requests in 2.04s, 6.08MB read
Requests/sec:  10820.87
Transfer/sec:      2.98MB
Running 2s test @ http://127.0.0.1:5001
  12 threads and 400 connections
  Thread Stats   Avg      Stdev     Max   +/- Stdev
    Latency    37.93ms   25.36ms 148.53ms   72.68%
    Req/Sec     0.90k   258.22     1.60k    65.00%
  Latency Distribution
     50%   30.20ms
     75%   52.72ms
     90%   75.85ms
     99%  114.44ms
  21606 requests in 2.05s, 5.97MB read
Requests/sec:  10554.75
Transfer/sec:      2.92MB
Running 2s test @ http://127.0.0.1:5001
  12 threads and 400 connections
  Thread Stats   Avg      Stdev     Max   +/- Stdev
    Latency    36.12ms   21.40ms 117.14ms   72.21%
    Req/Sec     0.93k   219.52     1.59k    74.58%
  Latency Distribution
     50%   29.90ms
     75%   47.68ms
     90%   68.99ms
     99%  101.94ms
  22341 requests in 2.04s, 6.16MB read
Requests/sec:  10927.51
Transfer/sec:      3.01MB
Running 2s test @ http://127.0.0.1:5001
  12 threads and 400 connections
  Thread Stats   Avg      Stdev     Max   +/- Stdev
    Latency    34.81ms   19.73ms 111.72ms   71.80%
    Req/Sec     0.96k   196.50     1.40k    73.75%
  Latency Distribution
     50%   27.03ms
     75%   44.95ms
     90%   65.98ms
     99%   88.00ms
  23021 requests in 2.05s, 6.33MB read
Requests/sec:  11226.54
Transfer/sec:      3.09MB
Running 2s test @ http://127.0.0.1:5001
  12 threads and 400 connections
  Thread Stats   Avg      Stdev     Max   +/- Stdev
    Latency    36.04ms   21.25ms 123.78ms   67.61%
    Req/Sec     0.93k   206.59     1.49k    71.67%
  Latency Distribution
     50%   29.25ms
     75%   51.37ms
     90%   66.94ms
     99%   94.07ms
  22174 requests in 2.05s, 6.12MB read
Requests/sec:  10821.96
Transfer/sec:      2.99MB
Running 2s test @ http://127.0.0.1:5001
  12 threads and 400 connections
  Thread Stats   Avg      Stdev     Max   +/- Stdev
    Latency    35.42ms   21.63ms 124.50ms   71.24%
    Req/Sec     0.95k   264.06     3.28k    78.84%
  Latency Distribution
     50%   27.58ms
     75%   49.11ms
     90%   66.90ms
     99%   98.32ms
  22856 requests in 2.10s, 6.31MB read
Requests/sec:  10887.44
Transfer/sec:      3.01MB
Running 2s test @ http://127.0.0.1:5001
  12 threads and 400 connections
  Thread Stats   Avg      Stdev     Max   +/- Stdev
    Latency    35.32ms   20.75ms 133.38ms   68.84%
    Req/Sec     0.94k   196.50     1.45k    73.33%
  Latency Distribution
     50%   29.09ms
     75%   48.76ms
     90%   66.94ms
     99%   90.20ms
  22406 requests in 2.04s, 6.17MB read
Requests/sec:  10981.67
Transfer/sec:      3.03MB
Running 2s test @ http://127.0.0.1:5001
  12 threads and 400 connections
  Thread Stats   Avg      Stdev     Max   +/- Stdev
    Latency    36.72ms   22.49ms 116.24ms   69.35%
    Req/Sec     0.91k   232.94     1.83k    67.08%
  Latency Distribution
     50%   28.29ms
     75%   50.93ms
     90%   71.02ms
     99%   97.67ms
  21847 requests in 2.06s, 6.04MB read
Requests/sec:  10626.75
Transfer/sec:      2.94MB
Running 2s test @ http://127.0.0.1:5001
  12 threads and 400 connections
  Thread Stats   Avg      Stdev     Max   +/- Stdev
    Latency    35.52ms   20.58ms 131.98ms   71.02%
    Req/Sec     0.94k   189.98     1.55k    68.75%
  Latency Distribution
     50%   29.22ms
     75%   47.34ms
     90%   65.69ms
     99%   91.98ms
  22591 requests in 2.06s, 6.24MB read
Requests/sec:  10962.09
Transfer/sec:      3.03MB
Running 2s test @ http://127.0.0.1:5001
  12 threads and 400 connections
  Thread Stats   Avg      Stdev     Max   +/- Stdev
    Latency    35.09ms   21.83ms 119.68ms   70.18%
    Req/Sec     0.96k   256.46     2.66k    73.25%
  Latency Distribution
     50%   28.20ms
     75%   46.82ms
     90%   69.71ms
     99%   97.11ms
  23305 requests in 2.09s, 6.44MB read
Requests/sec:  11126.89
Transfer/sec:      3.07MB
Running 2s test @ http://127.0.0.1:5001
  12 threads and 400 connections
  Thread Stats   Avg      Stdev     Max   +/- Stdev
    Latency    35.62ms   21.11ms 114.56ms   66.24%
    Req/Sec     0.94k   205.38     1.59k    66.67%
  Latency Distribution
     50%   30.99ms
     75%   47.50ms
     90%   68.01ms
     99%   88.08ms
  22374 requests in 2.04s, 6.19MB read
Requests/sec:  10948.86
Transfer/sec:      3.03MB
Running 2s test @ http://127.0.0.1:5001
  12 threads and 400 connections
  Thread Stats   Avg      Stdev     Max   +/- Stdev
    Latency    35.16ms   21.32ms 109.90ms   69.64%
    Req/Sec     0.95k   223.95     1.64k    70.00%
  Latency Distribution
     50%   27.53ms
     75%   47.39ms
     90%   66.97ms
     99%   94.03ms
  22780 requests in 2.05s, 6.30MB read
Requests/sec:  11114.81
Transfer/sec:      3.07MB
Running 2s test @ http://127.0.0.1:5001
  12 threads and 400 connections
  Thread Stats   Avg      Stdev     Max   +/- Stdev
    Latency    35.64ms   20.19ms 139.46ms   73.11%
    Req/Sec     0.94k   203.73     1.29k    72.92%
  Latency Distribution
     50%   27.76ms
     75%   46.88ms
     90%   66.27ms
     99%   94.31ms
  22540 requests in 2.04s, 6.20MB read
Requests/sec:  11036.72
Transfer/sec:      3.04MB
Running 2s test @ http://127.0.0.1:5001
  12 threads and 400 connections
  Thread Stats   Avg      Stdev     Max   +/- Stdev
    Latency    35.97ms   21.90ms 132.18ms   69.88%
    Req/Sec     0.93k   233.61     1.92k    71.25%
  Latency Distribution
     50%   29.30ms
     75%   50.91ms
     90%   66.45ms
     99%   98.41ms
  22344 requests in 2.05s, 6.17MB read
Requests/sec:  10916.12
Transfer/sec:      3.02MB
Running 2s test @ http://127.0.0.1:5001
  12 threads and 400 connections
  Thread Stats   Avg      Stdev     Max   +/- Stdev
    Latency    35.37ms   21.04ms 115.07ms   71.52%
    Req/Sec     0.95k   206.81     1.51k    68.33%
  Latency Distribution
     50%   26.91ms
     75%   47.40ms
     90%   66.88ms
     99%   98.42ms
  22822 requests in 2.05s, 6.30MB read
Requests/sec:  11138.61
Transfer/sec:      3.08MB
Running 2s test @ http://127.0.0.1:5001
  12 threads and 400 connections
  Thread Stats   Avg      Stdev     Max   +/- Stdev
    Latency    35.92ms   21.20ms 136.58ms   69.67%
    Req/Sec     0.93k   217.77     1.79k    74.58%
  Latency Distribution
     50%   28.28ms
     75%   50.19ms
     90%   67.71ms
     99%   90.19ms
  22251 requests in 2.05s, 6.12MB read
Requests/sec:  10863.53
Transfer/sec:      2.99MB
Running 2s test @ http://127.0.0.1:5001
  12 threads and 400 connections
  Thread Stats   Avg      Stdev     Max   +/- Stdev
    Latency    35.87ms   22.84ms 123.40ms   71.07%
    Req/Sec     0.95k   370.63     4.16k    85.54%
  Latency Distribution
     50%   28.51ms
     75%   48.27ms
     90%   70.70ms
     99%  101.58ms
  22799 requests in 2.10s, 6.30MB read
Requests/sec:  10865.14
Transfer/sec:      3.00MB
Running 2s test @ http://127.0.0.1:5001
  12 threads and 400 connections
  Thread Stats   Avg      Stdev     Max   +/- Stdev
    Latency    35.45ms   21.62ms 113.45ms   69.50%
    Req/Sec     0.95k   193.83     1.47k    72.50%
  Latency Distribution
     50%   27.59ms
     75%   48.26ms
     90%   67.15ms
     99%   95.16ms
  22835 requests in 2.05s, 6.29MB read
Requests/sec:  11153.02
Transfer/sec:      3.07MB
Running 2s test @ http://127.0.0.1:5001
  12 threads and 400 connections
  Thread Stats   Avg      Stdev     Max   +/- Stdev
    Latency    36.00ms   22.00ms 149.00ms   70.91%
    Req/Sec     0.93k   216.93     1.41k    70.83%
  Latency Distribution
     50%   27.14ms
     75%   51.70ms
     90%   68.81ms
     99%   96.73ms
  22267 requests in 2.05s, 6.16MB read
Requests/sec:  10874.41
Transfer/sec:      3.01MB
Running 2s test @ http://127.0.0.1:5001
  12 threads and 400 connections
  Thread Stats   Avg      Stdev     Max   +/- Stdev
    Latency    36.41ms   22.47ms 131.04ms   71.67%
    Req/Sec     0.92k   229.29     1.60k    71.19%
  Latency Distribution
     50%   29.20ms
     75%   50.27ms
     90%   68.39ms
     99%  105.30ms
  22378 requests in 2.10s, 6.19MB read
Requests/sec:  10662.65
Transfer/sec:      2.95MB
Running 2s test @ http://127.0.0.1:5001
  12 threads and 400 connections
  Thread Stats   Avg      Stdev     Max   +/- Stdev
    Latency    36.28ms   22.21ms 137.76ms   72.19%
    Req/Sec     0.93k   220.11     1.36k    72.08%
  Latency Distribution
     50%   27.75ms
     75%   51.39ms
     90%   69.46ms
     99%   99.41ms
  22304 requests in 2.06s, 6.17MB read
Requests/sec:  10835.75
Transfer/sec:      3.00MB
Running 2s test @ http://127.0.0.1:5001
  12 threads and 400 connections
  Thread Stats   Avg      Stdev     Max   +/- Stdev
    Latency    35.96ms   21.34ms 109.12ms   68.63%
    Req/Sec     0.92k   219.83     1.46k    65.00%
  Latency Distribution
     50%   30.15ms
     75%   49.91ms
     90%   68.43ms
     99%   88.54ms
  21927 requests in 2.04s, 6.06MB read
Requests/sec:  10728.09
Transfer/sec:      2.97MB
Running 2s test @ http://127.0.0.1:5001
  12 threads and 400 connections
  Thread Stats   Avg      Stdev     Max   +/- Stdev
    Latency    35.34ms   20.84ms 114.96ms   72.39%
    Req/Sec     0.94k   235.90     1.70k    65.42%
  Latency Distribution
     50%   29.40ms
     75%   46.81ms
     90%   68.03ms
     99%   90.26ms
  22594 requests in 2.06s, 6.24MB read
Requests/sec:  10976.29
Transfer/sec:      3.03MB
Running 2s test @ http://127.0.0.1:5001
  12 threads and 400 connections
  Thread Stats   Avg      Stdev     Max   +/- Stdev
    Latency    35.77ms   21.25ms 113.17ms   69.56%
    Req/Sec     0.94k   215.86     1.61k    65.83%
  Latency Distribution
     50%   28.25ms
     75%   48.86ms
     90%   67.84ms
     99%   90.36ms
  22485 requests in 2.05s, 6.20MB read
Requests/sec:  10958.10
Transfer/sec:      3.02MB
Running 2s test @ http://127.0.0.1:5001
  12 threads and 400 connections
  Thread Stats   Avg      Stdev     Max   +/- Stdev
    Latency    36.39ms   20.71ms 135.78ms   70.65%
    Req/Sec     0.92k   170.72     1.25k    66.25%
  Latency Distribution
     50%   29.30ms
     75%   48.98ms
     90%   65.39ms
     99%  106.56ms
  22115 requests in 2.04s, 6.09MB read
Requests/sec:  10841.20
Transfer/sec:      2.99MB
Running 2s test @ http://127.0.0.1:5001
  12 threads and 400 connections
  Thread Stats   Avg      Stdev     Max   +/- Stdev
    Latency    35.41ms   20.82ms 152.63ms   74.50%
    Req/Sec     0.96k   204.28     1.59k    73.75%
  Latency Distribution
     50%   27.83ms
     75%   44.61ms
     90%   66.36ms
     99%  101.70ms
  22875 requests in 2.04s, 6.32MB read
Requests/sec:  11227.23
Transfer/sec:      3.10MB
Running 2s test @ http://127.0.0.1:5001
  12 threads and 400 connections
  Thread Stats   Avg      Stdev     Max   +/- Stdev
    Latency    36.00ms   22.07ms 114.35ms   69.19%
    Req/Sec     0.93k   188.59     1.63k    66.25%
  Latency Distribution
     50%   29.64ms
     75%   50.07ms
     90%   69.47ms
     99%   93.06ms
  22292 requests in 2.04s, 6.16MB read
Requests/sec:  10911.70
Transfer/sec:      3.01MB
Running 2s test @ http://127.0.0.1:5001
  12 threads and 400 connections
  Thread Stats   Avg      Stdev     Max   +/- Stdev
    Latency    35.56ms   20.03ms 111.30ms   69.71%
    Req/Sec     0.94k   190.97     1.58k    70.42%
  Latency Distribution
     50%   29.44ms
     75%   47.60ms
     90%   66.18ms
     99%   85.96ms
  22461 requests in 2.05s, 6.20MB read
Requests/sec:  10942.53
Transfer/sec:      3.02MB
Running 2s test @ http://127.0.0.1:5001
  12 threads and 400 connections
  Thread Stats   Avg      Stdev     Max   +/- Stdev
    Latency    35.21ms   19.25ms 114.23ms   69.20%
    Req/Sec     0.95k   207.71     2.09k    74.58%
  Latency Distribution
     50%   29.16ms
     75%   48.32ms
     90%   62.91ms
     99%   88.88ms
  22601 requests in 2.06s, 6.24MB read
Requests/sec:  10995.04
Transfer/sec:      3.04MB
Running 2s test @ http://127.0.0.1:5001
  12 threads and 400 connections
  Thread Stats   Avg      Stdev     Max   +/- Stdev
    Latency    35.68ms   19.94ms 118.76ms   70.89%
    Req/Sec     0.93k   209.46     1.63k    68.33%
  Latency Distribution
     50%   26.61ms
     75%   49.19ms
     90%   67.70ms
     99%   83.20ms
  22228 requests in 2.05s, 6.15MB read
Requests/sec:  10828.43
Transfer/sec:      2.99MB
Running 2s test @ http://127.0.0.1:5001
  12 threads and 400 connections
  Thread Stats   Avg      Stdev     Max   +/- Stdev
    Latency    37.06ms   23.27ms 149.26ms   74.07%
    Req/Sec     0.92k   229.14     1.60k    70.83%
  Latency Distribution
     50%   28.55ms
     75%   49.64ms
     90%   70.07ms
     99%  108.18ms
  22111 requests in 2.05s, 6.11MB read
Requests/sec:  10793.89
Transfer/sec:      2.98MB
Running 2s test @ http://127.0.0.1:5001
  12 threads and 400 connections
  Thread Stats   Avg      Stdev     Max   +/- Stdev
    Latency    36.06ms   20.66ms 134.43ms   70.80%
    Req/Sec     0.93k   208.04     1.32k    71.25%
  Latency Distribution
     50%   28.55ms
     75%   46.80ms
     90%   67.99ms
     99%   91.15ms
  22221 requests in 2.04s, 6.12MB read
Requests/sec:  10883.75
Transfer/sec:      3.00MB
Running 2s test @ http://127.0.0.1:5001
  12 threads and 400 connections
  Thread Stats   Avg      Stdev     Max   +/- Stdev
    Latency    36.48ms   22.70ms 142.54ms   72.68%
    Req/Sec     0.93k   221.92     1.43k    73.33%
  Latency Distribution
     50%   28.05ms
     75%   47.52ms
     90%   71.32ms
     99%  108.69ms
  22288 requests in 2.05s, 6.15MB read
Requests/sec:  10892.81
Transfer/sec:      3.01MB
Running 2s test @ http://127.0.0.1:5001
  12 threads and 400 connections
  Thread Stats   Avg      Stdev     Max   +/- Stdev
    Latency    34.79ms   19.89ms 114.83ms   68.21%
    Req/Sec     0.95k   240.05     3.15k    76.76%
  Latency Distribution
     50%   28.70ms
     75%   45.99ms
     90%   64.74ms
     99%   91.86ms
  22893 requests in 2.09s, 6.32MB read
Requests/sec:  10966.65
Transfer/sec:      3.03MB
Running 2s test @ http://127.0.0.1:5001
  12 threads and 400 connections
  Thread Stats   Avg      Stdev     Max   +/- Stdev
    Latency    35.76ms   20.60ms 122.47ms   69.60%
    Req/Sec     0.92k   217.90     1.65k    67.50%
  Latency Distribution
     50%   27.83ms
     75%   48.89ms
     90%   67.14ms
     99%   87.94ms
  22084 requests in 2.04s, 6.12MB read
Requests/sec:  10829.97
Transfer/sec:      3.00MB
Running 2s test @ http://127.0.0.1:5001
  12 threads and 400 connections
  Thread Stats   Avg      Stdev     Max   +/- Stdev
    Latency    36.35ms   21.15ms 123.29ms   68.41%
    Req/Sec     0.92k   202.62     1.75k    70.42%
  Latency Distribution
     50%   32.74ms
     75%   48.46ms
     90%   69.26ms
     99%   92.72ms
  22030 requests in 2.04s, 6.07MB read
Requests/sec:  10825.05
Transfer/sec:      2.98MB
Running 2s test @ http://127.0.0.1:5001
  12 threads and 400 connections
  Thread Stats   Avg      Stdev     Max   +/- Stdev
    Latency    36.03ms   22.31ms 146.00ms   75.95%
    Req/Sec     0.95k   192.70     1.46k    67.92%
  Latency Distribution
     50%   28.75ms
     75%   46.71ms
     90%   66.30ms
     99%  107.22ms
  22654 requests in 2.04s, 6.25MB read
Requests/sec:  11081.29
Transfer/sec:      3.06MB
Running 2s test @ http://127.0.0.1:5001
  12 threads and 400 connections
  Thread Stats   Avg      Stdev     Max   +/- Stdev
    Latency    36.70ms   24.18ms 136.54ms   73.38%
    Req/Sec     0.94k   299.77     2.39k    67.92%
  Latency Distribution
     50%   24.88ms
     75%   51.35ms
     90%   71.33ms
     99%  110.07ms
  22471 requests in 2.04s, 6.18MB read
Requests/sec:  10993.83
Transfer/sec:      3.03MB
Running 2s test @ http://127.0.0.1:5001
  12 threads and 400 connections
  Thread Stats   Avg      Stdev     Max   +/- Stdev
    Latency    37.32ms   22.69ms 136.70ms   71.11%
    Req/Sec     0.91k   219.83     1.68k    72.92%
  Latency Distribution
     50%   29.64ms
     75%   49.90ms
     90%   71.71ms
     99%  113.15ms
  21730 requests in 2.05s, 5.99MB read
Requests/sec:  10608.67
Transfer/sec:      2.92MB
Running 2s test @ http://127.0.0.1:5001
  12 threads and 400 connections
  Thread Stats   Avg      Stdev     Max   +/- Stdev
    Latency    34.24ms   19.57ms 129.90ms   74.03%
    Req/Sec     0.98k   187.06     1.41k    70.83%
  Latency Distribution
     50%   28.48ms
     75%   43.52ms
     90%   65.76ms
     99%   86.54ms
  23539 requests in 2.04s, 6.49MB read
Requests/sec:  11551.74
Transfer/sec:      3.19MB
Running 2s test @ http://127.0.0.1:5001
  12 threads and 400 connections
  Thread Stats   Avg      Stdev     Max   +/- Stdev
    Latency    36.96ms   22.79ms 119.62ms   67.72%
    Req/Sec     0.91k   221.82     1.56k    68.33%
  Latency Distribution
     50%   29.43ms
     75%   52.11ms
     90%   72.41ms
     99%   94.37ms
  21729 requests in 2.05s, 5.99MB read
Requests/sec:  10576.91
Transfer/sec:      2.91MB
Running 2s test @ http://127.0.0.1:5001
  12 threads and 400 connections
  Thread Stats   Avg      Stdev     Max   +/- Stdev
    Latency    36.71ms   19.57ms 112.16ms   69.97%
    Req/Sec     0.91k   178.46     1.33k    65.42%
  Latency Distribution
     50%   31.86ms
     75%   47.82ms
     90%   64.74ms
     99%   89.90ms
  21709 requests in 2.05s, 6.00MB read
Requests/sec:  10579.80
Transfer/sec:      2.92MB
Running 2s test @ http://127.0.0.1:5001
  12 threads and 400 connections
  Thread Stats   Avg      Stdev     Max   +/- Stdev
    Latency    35.15ms   20.09ms 132.21ms   73.82%
    Req/Sec     0.96k   224.20     1.79k    70.42%
  Latency Distribution
     50%   27.20ms
     75%   45.28ms
     90%   66.60ms
     99%   91.54ms
  22898 requests in 2.04s, 6.31MB read
Requests/sec:  11212.47
Transfer/sec:      3.09MB
Running 2s test @ http://127.0.0.1:5001
  12 threads and 400 connections
  Thread Stats   Avg      Stdev     Max   +/- Stdev
    Latency    36.72ms   22.40ms 120.29ms   69.53%
    Req/Sec     0.92k   223.94     1.96k    67.92%
  Latency Distribution
     50%   28.09ms
     75%   52.51ms
     90%   68.97ms
     99%   99.80ms
  21911 requests in 2.04s, 6.06MB read
Requests/sec:  10739.59
Transfer/sec:      2.97MB
Running 2s test @ http://127.0.0.1:5001
  12 threads and 400 connections
  Thread Stats   Avg      Stdev     Max   +/- Stdev
    Latency    37.19ms   21.94ms 128.05ms   67.81%
    Req/Sec     0.90k   237.86     1.57k    70.42%
  Latency Distribution
     50%   30.61ms
     75%   51.83ms
     90%   70.08ms
     99%   98.75ms
  21627 requests in 2.03s, 5.96MB read
Requests/sec:  10665.68
Transfer/sec:      2.94MB
Running 2s test @ http://127.0.0.1:5001
  12 threads and 400 connections
  Thread Stats   Avg      Stdev     Max   +/- Stdev
    Latency    36.83ms   19.86ms 105.84ms   66.87%
    Req/Sec     0.90k   230.34     1.82k    69.17%
  Latency Distribution
     50%   30.02ms
     75%   51.30ms
     90%   67.71ms
     99%   89.16ms
  21543 requests in 2.05s, 5.96MB read
Requests/sec:  10500.23
Transfer/sec:      2.90MB
Running 2s test @ http://127.0.0.1:5001
  12 threads and 400 connections
  Thread Stats   Avg      Stdev     Max   +/- Stdev
    Latency    36.56ms   21.73ms 134.73ms   69.40%
    Req/Sec     0.92k   211.92     1.52k    72.50%
  Latency Distribution
     50%   29.68ms
     75%   49.66ms
     90%   68.97ms
     99%  101.12ms
  22004 requests in 2.04s, 6.07MB read
Requests/sec:  10811.11
Transfer/sec:      2.98MB
Running 2s test @ http://127.0.0.1:5001
  12 threads and 400 connections
  Thread Stats   Avg      Stdev     Max   +/- Stdev
    Latency    36.75ms   22.72ms 179.35ms   69.87%
    Req/Sec     0.92k   245.12     1.73k    73.33%
  Latency Distribution
     50%   27.33ms
     75%   52.34ms
     90%   70.16ms
     99%   96.50ms
  22061 requests in 2.05s, 6.07MB read
Requests/sec:  10765.30
Transfer/sec:      2.96MB
Running 2s test @ http://127.0.0.1:5001
  12 threads and 400 connections
  Thread Stats   Avg      Stdev     Max   +/- Stdev
    Latency    36.07ms   22.05ms 136.41ms   71.20%
    Req/Sec     0.93k   225.58     1.51k    77.92%
  Latency Distribution
     50%   26.99ms
     75%   49.20ms
     90%   68.30ms
     99%  102.82ms
  22306 requests in 2.04s, 6.15MB read
Requests/sec:  10939.27
Transfer/sec:      3.02MB
Running 2s test @ http://127.0.0.1:5001
  12 threads and 400 connections
  Thread Stats   Avg      Stdev     Max   +/- Stdev
    Latency    35.83ms   21.17ms 117.84ms   71.81%
    Req/Sec     0.92k   246.62     1.84k    77.08%
  Latency Distribution
     50%   27.87ms
     75%   48.48ms
     90%   67.51ms
     99%   95.65ms
  22041 requests in 2.04s, 6.11MB read
Requests/sec:  10784.59
Transfer/sec:      2.99MB
Running 2s test @ http://127.0.0.1:5001
  12 threads and 400 connections
  Thread Stats   Avg      Stdev     Max   +/- Stdev
    Latency    35.39ms   21.47ms 127.83ms   70.81%
    Req/Sec     0.95k   241.85     2.32k    71.37%
  Latency Distribution
     50%   27.79ms
     75%   48.91ms
     90%   67.32ms
     99%   91.18ms
  22890 requests in 2.09s, 6.33MB read
Requests/sec:  10969.37
Transfer/sec:      3.03MB
Running 2s test @ http://127.0.0.1:5001
  12 threads and 400 connections
  Thread Stats   Avg      Stdev     Max   +/- Stdev
    Latency    35.36ms   20.47ms 111.85ms   71.80%
    Req/Sec     0.95k   209.37     1.61k    75.00%
  Latency Distribution
     50%   28.58ms
     75%   46.67ms
     90%   66.64ms
     99%   94.98ms
  22703 requests in 2.05s, 6.26MB read
Requests/sec:  11077.51
Transfer/sec:      3.06MB
Running 2s test @ http://127.0.0.1:5001
  12 threads and 400 connections
  Thread Stats   Avg      Stdev     Max   +/- Stdev
    Latency    37.22ms   21.54ms 127.49ms   71.25%
    Req/Sec     0.90k   224.68     1.61k    69.58%
  Latency Distribution
     50%   28.96ms
     75%   52.53ms
     90%   67.05ms
     99%   98.76ms
  21538 requests in 2.04s, 5.95MB read
Requests/sec:  10555.36
Transfer/sec:      2.92MB
Running 2s test @ http://127.0.0.1:5001
  12 threads and 400 connections
  Thread Stats   Avg      Stdev     Max   +/- Stdev
    Latency    36.00ms   21.50ms 117.97ms   72.53%
    Req/Sec     0.94k   211.36     1.49k    63.75%
  Latency Distribution
     50%   27.93ms
     75%   48.42ms
     90%   66.70ms
     99%   96.13ms
  22408 requests in 2.05s, 6.20MB read
Requests/sec:  10945.21
Transfer/sec:      3.03MB
Running 2s test @ http://127.0.0.1:5001
  12 threads and 400 connections
  Thread Stats   Avg      Stdev     Max   +/- Stdev
    Latency    35.32ms   20.52ms 115.70ms   72.35%
    Req/Sec     0.95k   201.99     1.46k    67.50%
  Latency Distribution
     50%   27.98ms
     75%   46.78ms
     90%   66.64ms
     99%   93.51ms
  22840 requests in 2.05s, 6.30MB read
Requests/sec:  11131.30
Transfer/sec:      3.07MB
Running 2s test @ http://127.0.0.1:5001
  12 threads and 400 connections
  Thread Stats   Avg      Stdev     Max   +/- Stdev
    Latency    36.23ms   21.12ms 126.60ms   71.44%
    Req/Sec     0.93k   185.59     1.63k    68.75%
  Latency Distribution
     50%   29.18ms
     75%   49.06ms
     90%   67.58ms
     99%   96.58ms
  22228 requests in 2.03s, 6.13MB read
Requests/sec:  10934.69
Transfer/sec:      3.01MB
